# configure exec: ./configure --prefix=/Users/t-etsemachmicrosoft.com/University/BigData/Redis/node_modules/node-rdkafka/build/deps --libdir=/Users/t-etsemachmicrosoft.com/University/BigData/Redis/node_modules/node-rdkafka/build/deps --prefix=/Users/t-etsemachmicrosoft.com/University/BigData/Redis/node_modules/node-rdkafka/build/deps --libdir=/Users/t-etsemachmicrosoft.com/University/BigData/Redis/node_modules/node-rdkafka/build/deps
# On Thu Mar 16 19:15:32 EET 2023
DBG 94203: Setting distro (distro) status to ok (action ignore)
DBG 94203: ccenv: WITH_CC:  --version failed: mklove/modules/configure.base: line 1824: --version: command not found
DBG 94203: Setting ccenv (ccenv) status to failed (action cont)
DBG 94203: Check ccenv (WITH_CC, action cont (originally cont)) failed: command ' --version' failed:
mklove/modules/configure.base: line 1824: --version: command not found
DBG 94203: Setting gcc (gcc) status to ok (action cont)
DBG 94203: cxxenv: WITH_CXX:  --version failed: mklove/modules/configure.base: line 1824: --version: command not found
DBG 94203: Setting cxxenv (cxxenv) status to failed (action cont)
DBG 94203: Check cxxenv (WITH_CXX, action cont (originally cont)) failed: command ' --version' failed:
mklove/modules/configure.base: line 1824: --version: command not found
DBG 94203: Setting gxx (gxx) status to ok (action cont)
DBG 94203: Setting ld (ld) status to ok (action disable)
DBG 94203: Setting nm (nm) status to ok (action disable)
DBG 94203: Setting objdump (objdump) status to ok (action disable)
DBG 94203: Setting strip (strip) status to ok (action disable)
DBG 94203: Setting libtool (libtool) status to ok (action disable)
DBG 94203: Setting ranlib (ranlib) status to ok (action disable)
DBG 94203: Compile check cc_g_dwarf () (sub=0): gcc  -I/opt/homebrew/Cellar/openssl@3/3.1.0/include -Wall -Werror _mkltmpkSzPfn.c -o _mkltmpkSzPfn.c.o  -L/opt/homebrew/Cellar/openssl@3/3.1.0/lib -L/Users/t-etsemachmicrosoft.com/University/BigData/Redis/node_modules/node-rdkafka/build/deps -gstrict-dwarf 
DBG 94203: Setting cc_g_dwarf (cc_g_dwarf) status to ok (action cont)
DBG 94203: pkgconfig: WITH_PKGCONFIG: pkg-config --version failed: mklove/modules/configure.base: line 1824: pkg-config: command not found
DBG 94203: Setting pkgconfig (pkgconfig) status to failed (action cont)
DBG 94203: Check pkgconfig (WITH_PKGCONFIG, action cont (originally cont)) failed: command 'pkg-config --version' failed:
mklove/modules/configure.base: line 1824: pkg-config: command not found
DBG 94203: install: WITH_INSTALL: /usr/bin/install --version failed: /usr/bin/install: illegal option -- -
usage: install [-bCcpSsv] [-B suffix] [-f flags] [-g group] [-m mode]
               [-o owner] file1 file2
       install [-bCcpSsv] [-B suffix] [-f flags] [-g group] [-m mode]
               [-o owner] file1 ... fileN directory
       install -d [-v] [-g group] [-m mode] [-o owner] directory ...
DBG 94203: Setting install (install) status to failed (action cont)
DBG 94203: Check install (WITH_INSTALL, action cont (originally cont)) failed: command '/usr/bin/install --version' failed:
/usr/bin/install: illegal option -- -
usage: install [-bCcpSsv] [-B suffix] [-f flags] [-g group] [-m mode]
               [-o owner] file1 file2
       install [-bCcpSsv] [-B suffix] [-f flags] [-g group] [-m mode]
               [-o owner] file1 ... fileN directory
       install -d [-v] [-g group] [-m mode] [-o owner] directory ...
DBG 94203: gnuar: HAS_GNU_AR: ar -V 2>/dev/null | grep -q GNU failed: ar: one of options -dmpqrtsx is required
usage:  ar -d [-TLsv] archive file ...
	ar -m [-TLsv] archive file ...
	ar -m [-abiTLsv] position archive file ...
	ar -p [-TLsv] archive [file ...]
	ar -q [-cTLsv] archive file ...
	ar -r [-cuTLsv] archive file ...
	ar -r [-abciuTLsv] position archive file ...
	ar -t [-TLsv] archive [file ...]
	ar -x [-ouTLsv] archive [file ...]
DBG 94203: Setting gnuar (gnuar) status to failed (action disable)
DBG 94203: Check gnuar (HAS_GNU_AR, action disable (originally disable)) failed: command 'ar -V 2>/dev/null | grep -q GNU' failed:
ar: one of options -dmpqrtsx is required
usage:  ar -d [-TLsv] archive file ...
	ar -m [-TLsv] archive file ...
	ar -m [-abiTLsv] position archive file ...
	ar -p [-TLsv] archive [file ...]
	ar -q [-cTLsv] archive file ...
	ar -r [-cuTLsv] archive file ...
	ar -r [-abciuTLsv] position archive file ...
	ar -t [-TLsv] archive [file ...]
	ar -x [-ouTLsv] archive [file ...]
DBG 94203: Compile check PIC (HAVE_PIC) (sub=0): gcc  -I/opt/homebrew/Cellar/openssl@3/3.1.0/include -gstrict-dwarf -O2 -Wall -Werror _mkltmpHRu7qC.c -o _mkltmpHRu7qC.c.o  -L/opt/homebrew/Cellar/openssl@3/3.1.0/lib -L/Users/t-etsemachmicrosoft.com/University/BigData/Redis/node_modules/node-rdkafka/build/deps -fPIC 
DBG 94203: Setting PIC (PIC) status to ok (action disable)
DBG 94203: Compile check gnulib (WITH_GNULD) (sub=0): gcc  -I/opt/homebrew/Cellar/openssl@3/3.1.0/include -gstrict-dwarf -O2 -fPIC -Wall -Werror _mkltmpP8AbFQ.c -o _mkltmpP8AbFQ.c.o  -L/opt/homebrew/Cellar/openssl@3/3.1.0/lib -L/Users/t-etsemachmicrosoft.com/University/BigData/Redis/node_modules/node-rdkafka/build/deps -shared -Wl,-soname,mkltest.0 
DBG 94203: compile check for gnulib (WITH_GNULD) failed: gcc  -I/opt/homebrew/Cellar/openssl@3/3.1.0/include -gstrict-dwarf -O2 -fPIC -Wall -Werror _mkltmpP8AbFQ.c -o _mkltmpP8AbFQ.c.o  -L/opt/homebrew/Cellar/openssl@3/3.1.0/lib -L/Users/t-etsemachmicrosoft.com/University/BigData/Redis/node_modules/node-rdkafka/build/deps -shared -Wl,-soname,mkltest.0 : ld: unknown option: -soname
clang: error: linker command failed with exit code 1 (use -v to see invocation)
DBG 94203: Setting gnulib (gnulib) status to failed (action cont)
DBG 94203: Check gnulib (WITH_GNULD, action cont (originally cont)) failed: compile check failed:
CC: CC
flags: -shared -Wl,-soname,mkltest.0
gcc  -I/opt/homebrew/Cellar/openssl@3/3.1.0/include -gstrict-dwarf -O2 -fPIC -Wall -Werror _mkltmpP8AbFQ.c -o _mkltmpP8AbFQ.c.o  -L/opt/homebrew/Cellar/openssl@3/3.1.0/lib -L/Users/t-etsemachmicrosoft.com/University/BigData/Redis/node_modules/node-rdkafka/build/deps -shared -Wl,-soname,mkltest.0 :
ld: unknown option: -soname
clang: error: linker command failed with exit code 1 (use -v to see invocation)
source: 
DBG 94203: Compile check osxlib (WITH_OSXLD) (sub=0): gcc  -I/opt/homebrew/Cellar/openssl@3/3.1.0/include -gstrict-dwarf -O2 -fPIC -Wall -Werror _mkltmpWFTN7t.c -o _mkltmpWFTN7t.c.o  -L/opt/homebrew/Cellar/openssl@3/3.1.0/lib -L/Users/t-etsemachmicrosoft.com/University/BigData/Redis/node_modules/node-rdkafka/build/deps -dynamiclib -Wl,-install_name,/tmp/mkltest.so.0 
DBG 94203: Setting osxlib (osxlib) status to ok (action cont)
DBG 94203: Compile check ldsflagvs () (sub=0): gcc  -I/opt/homebrew/Cellar/openssl@3/3.1.0/include -gstrict-dwarf -O2 -fPIC -Wall -Werror _mkltmpjjHZtH.c -o _mkltmpjjHZtH.c.o  -L/opt/homebrew/Cellar/openssl@3/3.1.0/lib -L/Users/t-etsemachmicrosoft.com/University/BigData/Redis/node_modules/node-rdkafka/build/deps -shared -Wl,--version-script=_mkltmpX4UWph 
DBG 94203: compile check for ldsflagvs () failed: gcc  -I/opt/homebrew/Cellar/openssl@3/3.1.0/include -gstrict-dwarf -O2 -fPIC -Wall -Werror _mkltmpjjHZtH.c -o _mkltmpjjHZtH.c.o  -L/opt/homebrew/Cellar/openssl@3/3.1.0/lib -L/Users/t-etsemachmicrosoft.com/University/BigData/Redis/node_modules/node-rdkafka/build/deps -shared -Wl,--version-script=_mkltmpX4UWph : ld: unknown option: --version-script=_mkltmpX4UWph
clang: error: linker command failed with exit code 1 (use -v to see invocation)
DBG 94203: Setting ldsflagvs (ldsflagvs) status to failed (action cont)
DBG 94203: Check ldsflagvs (, action cont (originally cont)) failed: compile check failed:
CC: CC
flags: -shared -Wl,--version-script=_mkltmpX4UWph
gcc  -I/opt/homebrew/Cellar/openssl@3/3.1.0/include -gstrict-dwarf -O2 -fPIC -Wall -Werror _mkltmpjjHZtH.c -o _mkltmpjjHZtH.c.o  -L/opt/homebrew/Cellar/openssl@3/3.1.0/lib -L/Users/t-etsemachmicrosoft.com/University/BigData/Redis/node_modules/node-rdkafka/build/deps -shared -Wl,--version-script=_mkltmpX4UWph :
ld: unknown option: --version-script=_mkltmpX4UWph
clang: error: linker command failed with exit code 1 (use -v to see invocation)
source: 
DBG 94203: Compile check ldsflagm () (sub=0): gcc  -I/opt/homebrew/Cellar/openssl@3/3.1.0/include -gstrict-dwarf -O2 -fPIC -Wall -Werror _mkltmpVeug43.c -o _mkltmpVeug43.c.o  -L/opt/homebrew/Cellar/openssl@3/3.1.0/lib -L/Users/t-etsemachmicrosoft.com/University/BigData/Redis/node_modules/node-rdkafka/build/deps -shared -Wl,-M_mkltmpX4UWph 
DBG 94203: compile check for ldsflagm () failed: gcc  -I/opt/homebrew/Cellar/openssl@3/3.1.0/include -gstrict-dwarf -O2 -fPIC -Wall -Werror _mkltmpVeug43.c -o _mkltmpVeug43.c.o  -L/opt/homebrew/Cellar/openssl@3/3.1.0/lib -L/Users/t-etsemachmicrosoft.com/University/BigData/Redis/node_modules/node-rdkafka/build/deps -shared -Wl,-M_mkltmpX4UWph : ld: unknown option: -M_mkltmpX4UWph
clang: error: linker command failed with exit code 1 (use -v to see invocation)
DBG 94203: Setting ldsflagm (ldsflagm) status to failed (action ignore)
DBG 94203: Check ldsflagm (, action ignore (originally ignore)) failed: compile check failed:
CC: CC
flags: -shared -Wl,-M_mkltmpX4UWph
gcc  -I/opt/homebrew/Cellar/openssl@3/3.1.0/include -gstrict-dwarf -O2 -fPIC -Wall -Werror _mkltmpVeug43.c -o _mkltmpVeug43.c.o  -L/opt/homebrew/Cellar/openssl@3/3.1.0/lib -L/Users/t-etsemachmicrosoft.com/University/BigData/Redis/node_modules/node-rdkafka/build/deps -shared -Wl,-M_mkltmpX4UWph :
ld: unknown option: -M_mkltmpX4UWph
clang: error: linker command failed with exit code 1 (use -v to see invocation)
source: 
DBG 94203: Compile check __atomic_32 (HAVE_ATOMICS_32) (sub=0): gcc  -I/opt/homebrew/Cellar/openssl@3/3.1.0/include -gstrict-dwarf -O2 -fPIC -Wall -Werror _mkltmpGOvr7w.c -o _mkltmpGOvr7w.c.o  -L/opt/homebrew/Cellar/openssl@3/3.1.0/lib -L/Users/t-etsemachmicrosoft.com/University/BigData/Redis/node_modules/node-rdkafka/build/deps  
DBG 94203: Setting __atomic_32 (__atomic_32) status to ok (action cont)
DBG 94203: Compile check __atomic_64 (HAVE_ATOMICS_64) (sub=0): gcc  -I/opt/homebrew/Cellar/openssl@3/3.1.0/include -gstrict-dwarf -O2 -fPIC -Wall -Werror _mkltmpcM4Hcp.c -o _mkltmpcM4Hcp.c.o  -L/opt/homebrew/Cellar/openssl@3/3.1.0/lib -L/Users/t-etsemachmicrosoft.com/University/BigData/Redis/node_modules/node-rdkafka/build/deps  
DBG 94203: Setting __atomic_64 (__atomic_64) status to ok (action cont)
DBG 94203: Compile check socket () (sub=0): gcc  -I/opt/homebrew/Cellar/openssl@3/3.1.0/include -gstrict-dwarf -O2 -fPIC -Wall -Wsign-compare -Wfloat-equal -Wpointer-arith -Wcast-align -Wall -Werror _mkltmpDl9Y2D.c -o _mkltmpDl9Y2D.c.o  -L/opt/homebrew/Cellar/openssl@3/3.1.0/lib -L/Users/t-etsemachmicrosoft.com/University/BigData/Redis/node_modules/node-rdkafka/build/deps  
DBG 94203: Setting socket (socket) status to ok (action cont)
DBG 94203: Setting parseversion (parseversion) status to ok (action cont)
DBG 94203: librt: Check for static library (libs -lrt, arfile variable STATIC_LIB_librt=, static filenames )
DBG 94203: Compile check librt () (sub=0): gcc  -I/opt/homebrew/Cellar/openssl@3/3.1.0/include -gstrict-dwarf -O2 -fPIC -Wall -Wsign-compare -Wfloat-equal -Wpointer-arith -Wcast-align -Wall -Werror _mkltmpGFeDGp.c -o _mkltmpGFeDGp.c.o  -L/opt/homebrew/Cellar/openssl@3/3.1.0/lib -L/Users/t-etsemachmicrosoft.com/University/BigData/Redis/node_modules/node-rdkafka/build/deps -lrt 
DBG 94203: compile check for librt () failed: gcc  -I/opt/homebrew/Cellar/openssl@3/3.1.0/include -gstrict-dwarf -O2 -fPIC -Wall -Wsign-compare -Wfloat-equal -Wpointer-arith -Wcast-align -Wall -Werror _mkltmpGFeDGp.c -o _mkltmpGFeDGp.c.o  -L/opt/homebrew/Cellar/openssl@3/3.1.0/lib -L/Users/t-etsemachmicrosoft.com/University/BigData/Redis/node_modules/node-rdkafka/build/deps -lrt : ld: library not found for -lrt
clang: error: linker command failed with exit code 1 (use -v to see invocation)
DBG 94203: Setting librt (librt) status to failed (action cont)
DBG 94203: Check librt (, action cont (originally cont)) failed: compile check failed:
CC: CC
flags: -lrt
gcc  -I/opt/homebrew/Cellar/openssl@3/3.1.0/include -gstrict-dwarf -O2 -fPIC -Wall -Wsign-compare -Wfloat-equal -Wpointer-arith -Wcast-align -Wall -Werror _mkltmpGFeDGp.c -o _mkltmpGFeDGp.c.o  -L/opt/homebrew/Cellar/openssl@3/3.1.0/lib -L/Users/t-etsemachmicrosoft.com/University/BigData/Redis/node_modules/node-rdkafka/build/deps -lrt :
ld: library not found for -lrt
clang: error: linker command failed with exit code 1 (use -v to see invocation)
source: 
DBG 94203: libpthread: Check for static library (libs -lpthread, arfile variable STATIC_LIB_libpthread=, static filenames )
DBG 94203: Compile check libpthread () (sub=0): gcc  -I/opt/homebrew/Cellar/openssl@3/3.1.0/include -gstrict-dwarf -O2 -fPIC -Wall -Wsign-compare -Wfloat-equal -Wpointer-arith -Wcast-align -Wall -Werror _mkltmpcDalcg.c -o _mkltmpcDalcg.c.o  -L/opt/homebrew/Cellar/openssl@3/3.1.0/lib -L/Users/t-etsemachmicrosoft.com/University/BigData/Redis/node_modules/node-rdkafka/build/deps -lpthread 
DBG 94203: Setting libpthread (libpthread) status to ok (action fail)
DBG 94203: libpthread: from lib_check: LIBS: prepend -lpthread
DBG 94203: c11threads: Check for static library (libs -lpthread, arfile variable STATIC_LIB_c11threads=, static filenames )
DBG 94203: Compile check c11threads (WITH_C11THREADS) (sub=0): gcc  -I/opt/homebrew/Cellar/openssl@3/3.1.0/include -gstrict-dwarf -O2 -fPIC -Wall -Wsign-compare -Wfloat-equal -Wpointer-arith -Wcast-align -Wall -Werror _mkltmpB0SpPz.c -o _mkltmpB0SpPz.c.o  -L/opt/homebrew/Cellar/openssl@3/3.1.0/lib -L/Users/t-etsemachmicrosoft.com/University/BigData/Redis/node_modules/node-rdkafka/build/deps -lpthread -lpthread
DBG 94203: compile check for c11threads (WITH_C11THREADS) failed: gcc  -I/opt/homebrew/Cellar/openssl@3/3.1.0/include -gstrict-dwarf -O2 -fPIC -Wall -Wsign-compare -Wfloat-equal -Wpointer-arith -Wcast-align -Wall -Werror _mkltmpB0SpPz.c -o _mkltmpB0SpPz.c.o  -L/opt/homebrew/Cellar/openssl@3/3.1.0/lib -L/Users/t-etsemachmicrosoft.com/University/BigData/Redis/node_modules/node-rdkafka/build/deps -lpthread -lpthread: _mkltmpB0SpPz.c:2:10: fatal error: 'threads.h' file not found
#include <threads.h>
         ^~~~~~~~~~~
1 error generated.
DBG 94203: Setting c11threads (c11threads) status to failed (action disable)
DBG 94203: Check c11threads (WITH_C11THREADS, action disable (originally disable)) failed: compile check failed:
CC: CC
flags: -lpthread
gcc  -I/opt/homebrew/Cellar/openssl@3/3.1.0/include -gstrict-dwarf -O2 -fPIC -Wall -Wsign-compare -Wfloat-equal -Wpointer-arith -Wcast-align -Wall -Werror _mkltmpB0SpPz.c -o _mkltmpB0SpPz.c.o  -L/opt/homebrew/Cellar/openssl@3/3.1.0/lib -L/Users/t-etsemachmicrosoft.com/University/BigData/Redis/node_modules/node-rdkafka/build/deps -lpthread -lpthread:
_mkltmpB0SpPz.c:2:10: fatal error: 'threads.h' file not found
#include <threads.h>
         ^~~~~~~~~~~
1 error generated.
source: 
#include <threads.h>


static int start_func (void *arg) {
   int iarg = *(int *)arg;
   return iarg;
}

void foo (void) {
    thrd_t thr;
    int arg = 1;
    if (thrd_create(&thr, start_func, (void *)&arg) != thrd_success) {
      ;
    }
}

DBG 94203: libdl: Check for static library (libs -ldl, arfile variable STATIC_LIB_libdl=, static filenames )
DBG 94203: Compile check libdl (WITH_LIBDL) (sub=0): gcc  -I/opt/homebrew/Cellar/openssl@3/3.1.0/include -gstrict-dwarf -O2 -fPIC -Wall -Wsign-compare -Wfloat-equal -Wpointer-arith -Wcast-align -Wall -Werror _mkltmpC9fVPR.c -o _mkltmpC9fVPR.c.o  -L/opt/homebrew/Cellar/openssl@3/3.1.0/lib -L/Users/t-etsemachmicrosoft.com/University/BigData/Redis/node_modules/node-rdkafka/build/deps -ldl -lpthread
DBG 94203: Setting libdl (libdl) status to ok (action disable)
DBG 94203: libdl: from lib_check: LIBS: prepend -ldl
DBG 94203: zlib: Check for static library (libs -lz, arfile variable STATIC_LIB_zlib=, static filenames libz.a)
DBG 94203: Compile check zlib (WITH_ZLIB) (sub=0): gcc  -I/opt/homebrew/Cellar/openssl@3/3.1.0/include -gstrict-dwarf -O2 -fPIC -Wall -Wsign-compare -Wfloat-equal -Wpointer-arith -Wcast-align -Wall -Werror _mkltmpElqCld.c -o _mkltmpElqCld.c.o  -L/opt/homebrew/Cellar/openssl@3/3.1.0/lib -L/Users/t-etsemachmicrosoft.com/University/BigData/Redis/node_modules/node-rdkafka/build/deps -lz -ldl -lpthread
DBG 94203: Setting zlib (zlib) status to ok (action disable)
DBG 94203: zlib: from lib_check: LIBS: prepend -lz
DBG 94203: libcrypto: Check for static library (libs -lcrypto, arfile variable STATIC_LIB_libcrypto=, static filenames libcrypto.a)
DBG 94203: Compile check libcrypto () (sub=0): gcc  -I/opt/homebrew/Cellar/openssl@3/3.1.0/include -gstrict-dwarf -O2 -fPIC -Wall -Wsign-compare -Wfloat-equal -Wpointer-arith -Wcast-align -Wall -Werror _mkltmp9iPUPo.c -o _mkltmp9iPUPo.c.o  -L/opt/homebrew/Cellar/openssl@3/3.1.0/lib -L/Users/t-etsemachmicrosoft.com/University/BigData/Redis/node_modules/node-rdkafka/build/deps -lcrypto -lz -ldl -lpthread
DBG 94203: Setting libcrypto (libcrypto) status to ok (action disable)
DBG 94203: libcrypto: from lib_check: LIBS: prepend -lcrypto
DBG 94203: libssl: Check for static library (libs -lssl -lcrypto, arfile variable STATIC_LIB_libssl=, static filenames libssl.a)
DBG 94203: Compile check libssl (WITH_SSL) (sub=0): gcc  -I/opt/homebrew/Cellar/openssl@3/3.1.0/include -gstrict-dwarf -O2 -fPIC -Wall -Wsign-compare -Wfloat-equal -Wpointer-arith -Wcast-align -Wall -Werror _mkltmpa7ig2z.c -o _mkltmpa7ig2z.c.o  -L/opt/homebrew/Cellar/openssl@3/3.1.0/lib -L/Users/t-etsemachmicrosoft.com/University/BigData/Redis/node_modules/node-rdkafka/build/deps -lssl -lcrypto -lcrypto -lz -ldl -lpthread
DBG 94203: Setting libssl (libssl) status to ok (action disable)
DBG 94203: libssl: from lib_check: LIBS: prepend -lssl -lcrypto
DBG 94203: libsasl2: Check for static library (libs -lsasl2, arfile variable STATIC_LIB_libsasl2=, static filenames )
DBG 94203: Compile check libsasl2 (WITH_SASL_CYRUS) (sub=0): gcc  -I/opt/homebrew/Cellar/openssl@3/3.1.0/include -gstrict-dwarf -O2 -fPIC -Wall -Wsign-compare -Wfloat-equal -Wpointer-arith -Wcast-align -Wall -Werror _mkltmpYkaZfM.c -o _mkltmpYkaZfM.c.o  -L/opt/homebrew/Cellar/openssl@3/3.1.0/lib -L/Users/t-etsemachmicrosoft.com/University/BigData/Redis/node_modules/node-rdkafka/build/deps -lsasl2 -lssl -lcrypto -lcrypto -lz -ldl -lpthread
DBG 94203: Setting libsasl2 (libsasl2) status to ok (action disable)
DBG 94203: libsasl2: from lib_check: LIBS: prepend -lsasl2
DBG 94203: libzstd: Check for static library (libs -lzstd, arfile variable STATIC_LIB_libzstd=, static filenames libzstd.a)
DBG 94203: Compile check libzstd (WITH_ZSTD) (sub=0): gcc  -I/opt/homebrew/Cellar/openssl@3/3.1.0/include -gstrict-dwarf -O2 -fPIC -Wall -Wsign-compare -Wfloat-equal -Wpointer-arith -Wcast-align -Wall -Werror _mkltmpJjoOWe.c -o _mkltmpJjoOWe.c.o  -L/opt/homebrew/Cellar/openssl@3/3.1.0/lib -L/Users/t-etsemachmicrosoft.com/University/BigData/Redis/node_modules/node-rdkafka/build/deps -lzstd -lsasl2 -lssl -lcrypto -lcrypto -lz -ldl -lpthread
DBG 94203: compile check for libzstd (WITH_ZSTD) failed: gcc  -I/opt/homebrew/Cellar/openssl@3/3.1.0/include -gstrict-dwarf -O2 -fPIC -Wall -Wsign-compare -Wfloat-equal -Wpointer-arith -Wcast-align -Wall -Werror _mkltmpJjoOWe.c -o _mkltmpJjoOWe.c.o  -L/opt/homebrew/Cellar/openssl@3/3.1.0/lib -L/Users/t-etsemachmicrosoft.com/University/BigData/Redis/node_modules/node-rdkafka/build/deps -lzstd -lsasl2 -lssl -lcrypto -lcrypto -lz -ldl -lpthread: _mkltmpJjoOWe.c:2:10: fatal error: 'zstd.h' file not found
#include <zstd.h>
         ^~~~~~~~
1 error generated.
DBG 94203: Setting libzstd (libzstd) status to failed (action disable)
DBG 94203: Check libzstd (WITH_ZSTD, action disable (originally disable)) failed: compile check failed:
CC: CC
flags: -lzstd
gcc  -I/opt/homebrew/Cellar/openssl@3/3.1.0/include -gstrict-dwarf -O2 -fPIC -Wall -Wsign-compare -Wfloat-equal -Wpointer-arith -Wcast-align -Wall -Werror _mkltmpJjoOWe.c -o _mkltmpJjoOWe.c.o  -L/opt/homebrew/Cellar/openssl@3/3.1.0/lib -L/Users/t-etsemachmicrosoft.com/University/BigData/Redis/node_modules/node-rdkafka/build/deps -lzstd -lsasl2 -lssl -lcrypto -lcrypto -lz -ldl -lpthread:
_mkltmpJjoOWe.c:2:10: fatal error: 'zstd.h' file not found
#include <zstd.h>
         ^~~~~~~~
1 error generated.
source: 
#include <zstd.h>
#include <zstd_errors.h>

void foo (void) {
     ZSTD_getFrameContentSize(NULL, 0);
}

DBG 94203: libcurl: Check for static library (libs -lcurl, arfile variable STATIC_LIB_libcurl=, static filenames libcurl.a)
DBG 94203: Compile check libcurl (WITH_CURL) (sub=0): gcc  -I/opt/homebrew/Cellar/openssl@3/3.1.0/include -gstrict-dwarf -O2 -fPIC -Wall -Wsign-compare -Wfloat-equal -Wpointer-arith -Wcast-align -Wall -Werror _mkltmpyINeUw.c -o _mkltmpyINeUw.c.o  -L/opt/homebrew/Cellar/openssl@3/3.1.0/lib -L/Users/t-etsemachmicrosoft.com/University/BigData/Redis/node_modules/node-rdkafka/build/deps -lcurl -lsasl2 -lssl -lcrypto -lcrypto -lz -ldl -lpthread
DBG 94203: Setting libcurl (libcurl) status to ok (action disable)
DBG 94203: libcurl: from lib_check: LIBS: prepend -lcurl
DBG 94203: libm: Check for static library (libs -lm, arfile variable STATIC_LIB_libm=, static filenames )
DBG 94203: Compile check libm () (sub=0): gcc  -I/opt/homebrew/Cellar/openssl@3/3.1.0/include -gstrict-dwarf -O2 -fPIC -Wall -Wsign-compare -Wfloat-equal -Wpointer-arith -Wcast-align -Wall -Werror _mkltmpJ5EwRK.c -o _mkltmpJ5EwRK.c.o  -L/opt/homebrew/Cellar/openssl@3/3.1.0/lib -L/Users/t-etsemachmicrosoft.com/University/BigData/Redis/node_modules/node-rdkafka/build/deps -lm -lcurl -lsasl2 -lssl -lcrypto -lcrypto -lz -ldl -lpthread
DBG 94203: Setting libm (libm) status to ok (action disable)
DBG 94203: libm: from lib_check: LIBS: prepend -lm
DBG 94203: liblz4: Check for static library (libs -llz4, arfile variable STATIC_LIB_liblz4=, static filenames liblz4.a)
DBG 94203: Compile check liblz4 (WITH_LZ4_EXT) (sub=0): gcc  -I/opt/homebrew/Cellar/openssl@3/3.1.0/include -gstrict-dwarf -O2 -fPIC -Wall -Wsign-compare -Wfloat-equal -Wpointer-arith -Wcast-align -Wall -Werror _mkltmpg34z7G.c -o _mkltmpg34z7G.c.o  -L/opt/homebrew/Cellar/openssl@3/3.1.0/lib -L/Users/t-etsemachmicrosoft.com/University/BigData/Redis/node_modules/node-rdkafka/build/deps -llz4 -lm -lcurl -lsasl2 -lssl -lcrypto -lcrypto -lz -ldl -lpthread
DBG 94203: compile check for liblz4 (WITH_LZ4_EXT) failed: gcc  -I/opt/homebrew/Cellar/openssl@3/3.1.0/include -gstrict-dwarf -O2 -fPIC -Wall -Wsign-compare -Wfloat-equal -Wpointer-arith -Wcast-align -Wall -Werror _mkltmpg34z7G.c -o _mkltmpg34z7G.c.o  -L/opt/homebrew/Cellar/openssl@3/3.1.0/lib -L/Users/t-etsemachmicrosoft.com/University/BigData/Redis/node_modules/node-rdkafka/build/deps -llz4 -lm -lcurl -lsasl2 -lssl -lcrypto -lcrypto -lz -ldl -lpthread: _mkltmpg34z7G.c:1:10: fatal error: 'lz4frame.h' file not found
#include <lz4frame.h>
         ^~~~~~~~~~~~
1 error generated.
DBG 94203: Setting liblz4 (liblz4) status to failed (action disable)
DBG 94203: Check liblz4 (WITH_LZ4_EXT, action disable (originally disable)) failed: compile check failed:
CC: CC
flags: -llz4
gcc  -I/opt/homebrew/Cellar/openssl@3/3.1.0/include -gstrict-dwarf -O2 -fPIC -Wall -Wsign-compare -Wfloat-equal -Wpointer-arith -Wcast-align -Wall -Werror _mkltmpg34z7G.c -o _mkltmpg34z7G.c.o  -L/opt/homebrew/Cellar/openssl@3/3.1.0/lib -L/Users/t-etsemachmicrosoft.com/University/BigData/Redis/node_modules/node-rdkafka/build/deps -llz4 -lm -lcurl -lsasl2 -lssl -lcrypto -lcrypto -lz -ldl -lpthread:
_mkltmpg34z7G.c:1:10: fatal error: 'lz4frame.h' file not found
#include <lz4frame.h>
         ^~~~~~~~~~~~
1 error generated.
source: #include <lz4frame.h>
DBG 94203: Compile check syslog (WITH_SYSLOG) (sub=0): gcc  -I/opt/homebrew/Cellar/openssl@3/3.1.0/include -gstrict-dwarf -O2 -fPIC -Wall -Wsign-compare -Wfloat-equal -Wpointer-arith -Wcast-align -Wall -Werror _mkltmp9fAu3K.c -o _mkltmp9fAu3K.c.o  -L/opt/homebrew/Cellar/openssl@3/3.1.0/lib -L/Users/t-etsemachmicrosoft.com/University/BigData/Redis/node_modules/node-rdkafka/build/deps  -lm -lcurl -lsasl2 -lssl -lcrypto -lcrypto -lz -ldl -lpthread
DBG 94203: Setting syslog (syslog) status to ok (action disable)
DBG 94203: Compile check rapidjson (WITH_RAPIDJSON) (sub=0): g++  -I/opt/homebrew/Cellar/openssl@3/3.1.0/include -gstrict-dwarf -O2 -fPIC -Wall -Wsign-compare -Wfloat-equal -Wpointer-arith -Wcast-align -Wall -Werror _mkltmpL1q6NV.cpp -o _mkltmpL1q6NV.cpp.o  -L/opt/homebrew/Cellar/openssl@3/3.1.0/lib -L/Users/t-etsemachmicrosoft.com/University/BigData/Redis/node_modules/node-rdkafka/build/deps  -lm -lcurl -lsasl2 -lssl -lcrypto -lcrypto -lz -ldl -lpthread
DBG 94203: compile check for rapidjson (WITH_RAPIDJSON) failed: g++  -I/opt/homebrew/Cellar/openssl@3/3.1.0/include -gstrict-dwarf -O2 -fPIC -Wall -Wsign-compare -Wfloat-equal -Wpointer-arith -Wcast-align -Wall -Werror _mkltmpL1q6NV.cpp -o _mkltmpL1q6NV.cpp.o  -L/opt/homebrew/Cellar/openssl@3/3.1.0/lib -L/Users/t-etsemachmicrosoft.com/University/BigData/Redis/node_modules/node-rdkafka/build/deps  -lm -lcurl -lsasl2 -lssl -lcrypto -lcrypto -lz -ldl -lpthread: _mkltmpL1q6NV.cpp:1:10: fatal error: 'rapidjson/schema.h' file not found
#include <rapidjson/schema.h>
         ^~~~~~~~~~~~~~~~~~~~
1 error generated.
DBG 94203: Setting rapidjson (rapidjson) status to failed (action disable)
DBG 94203: Check rapidjson (WITH_RAPIDJSON, action disable (originally disable)) failed: compile check failed:
CC: CXX
flags: 
g++  -I/opt/homebrew/Cellar/openssl@3/3.1.0/include -gstrict-dwarf -O2 -fPIC -Wall -Wsign-compare -Wfloat-equal -Wpointer-arith -Wcast-align -Wall -Werror _mkltmpL1q6NV.cpp -o _mkltmpL1q6NV.cpp.o  -L/opt/homebrew/Cellar/openssl@3/3.1.0/lib -L/Users/t-etsemachmicrosoft.com/University/BigData/Redis/node_modules/node-rdkafka/build/deps  -lm -lcurl -lsasl2 -lssl -lcrypto -lcrypto -lz -ldl -lpthread:
_mkltmpL1q6NV.cpp:1:10: fatal error: 'rapidjson/schema.h' file not found
#include <rapidjson/schema.h>
         ^~~~~~~~~~~~~~~~~~~~
1 error generated.
source: #include <rapidjson/schema.h>
DBG 94203: Compile check crc32chw (WITH_CRC32C_HW) (sub=0): gcc  -I/opt/homebrew/Cellar/openssl@3/3.1.0/include -gstrict-dwarf -O2 -fPIC -Wall -Wsign-compare -Wfloat-equal -Wpointer-arith -Wcast-align -Wall -Werror _mkltmp2HJXZU.c -o _mkltmp2HJXZU.c.o  -L/opt/homebrew/Cellar/openssl@3/3.1.0/lib -L/Users/t-etsemachmicrosoft.com/University/BigData/Redis/node_modules/node-rdkafka/build/deps  -lm -lcurl -lsasl2 -lssl -lcrypto -lcrypto -lz -ldl -lpthread
DBG 94203: compile check for crc32chw (WITH_CRC32C_HW) failed: gcc  -I/opt/homebrew/Cellar/openssl@3/3.1.0/include -gstrict-dwarf -O2 -fPIC -Wall -Wsign-compare -Wfloat-equal -Wpointer-arith -Wcast-align -Wall -Werror _mkltmp2HJXZU.c -o _mkltmp2HJXZU.c.o  -L/opt/homebrew/Cellar/openssl@3/3.1.0/lib -L/Users/t-etsemachmicrosoft.com/University/BigData/Redis/node_modules/node-rdkafka/build/deps  -lm -lcurl -lsasl2 -lssl -lcrypto -lcrypto -lz -ldl -lpthread: _mkltmp2HJXZU.c:12:14: error: invalid output constraint '=c' in asm
           : "=c"(ecx)
             ^
1 error generated.
DBG 94203: Setting crc32chw (crc32chw) status to failed (action disable)
DBG 94203: Check crc32chw (WITH_CRC32C_HW, action disable (originally disable)) failed: compile check failed:
CC: CC
flags: 
gcc  -I/opt/homebrew/Cellar/openssl@3/3.1.0/include -gstrict-dwarf -O2 -fPIC -Wall -Wsign-compare -Wfloat-equal -Wpointer-arith -Wcast-align -Wall -Werror _mkltmp2HJXZU.c -o _mkltmp2HJXZU.c.o  -L/opt/homebrew/Cellar/openssl@3/3.1.0/lib -L/Users/t-etsemachmicrosoft.com/University/BigData/Redis/node_modules/node-rdkafka/build/deps  -lm -lcurl -lsasl2 -lssl -lcrypto -lcrypto -lz -ldl -lpthread:
_mkltmp2HJXZU.c:12:14: error: invalid output constraint '=c' in asm
           : "=c"(ecx)
             ^
1 error generated.
source: 
#include <inttypes.h>
#include <stdio.h>
#define LONGx1 "8192"
#define LONGx2 "16384"
void foo (void) {
   const char *n = "abcdefghijklmnopqrstuvwxyz0123456789";
   uint64_t c0 = 0, c1 = 1, c2 = 2;
   uint64_t s;
   uint32_t eax = 1, ecx;
   __asm__("cpuid"
           : "=c"(ecx)
           : "a"(eax)
           : "%ebx", "%edx");
   __asm__("crc32b\t" "(%1), %0"
           : "=r"(c0)
           : "r"(n), "0"(c0));
   __asm__("crc32q\t" "(%3), %0\n\t"
           "crc32q\t" LONGx1 "(%3), %1\n\t"
           "crc32q\t" LONGx2 "(%3), %2"
           : "=r"(c0), "=r"(c1), "=r"(c2)
           : "r"(n), "0"(c0), "1"(c1), "2"(c2));
  s = c0 + c1 + c2;
  printf("avoiding unused code removal by printing %d, %d, %d\n", (int)s, (int)eax, (int)ecx);
}

DBG 94203: Compile check regex (HAVE_REGEX) (sub=0): gcc  -I/opt/homebrew/Cellar/openssl@3/3.1.0/include -gstrict-dwarf -O2 -fPIC -Wall -Wsign-compare -Wfloat-equal -Wpointer-arith -Wcast-align -Wall -Werror _mkltmpJ8uuFT.c -o _mkltmpJ8uuFT.c.o  -L/opt/homebrew/Cellar/openssl@3/3.1.0/lib -L/Users/t-etsemachmicrosoft.com/University/BigData/Redis/node_modules/node-rdkafka/build/deps  -lm -lcurl -lsasl2 -lssl -lcrypto -lcrypto -lz -ldl -lpthread
DBG 94203: Setting regex (regex) status to ok (action disable)
DBG 94203: Compile check rand_r (HAVE_RAND_R) (sub=0): gcc  -I/opt/homebrew/Cellar/openssl@3/3.1.0/include -gstrict-dwarf -O2 -fPIC -Wall -Wsign-compare -Wfloat-equal -Wpointer-arith -Wcast-align -Wall -Werror _mkltmpBHtWNk.c -o _mkltmpBHtWNk.c.o  -L/opt/homebrew/Cellar/openssl@3/3.1.0/lib -L/Users/t-etsemachmicrosoft.com/University/BigData/Redis/node_modules/node-rdkafka/build/deps  -lm -lcurl -lsasl2 -lssl -lcrypto -lcrypto -lz -ldl -lpthread
DBG 94203: Setting rand_r (rand_r) status to ok (action disable)
DBG 94203: Compile check strndup (HAVE_STRNDUP) (sub=0): gcc  -I/opt/homebrew/Cellar/openssl@3/3.1.0/include -gstrict-dwarf -O2 -fPIC -Wall -Wsign-compare -Wfloat-equal -Wpointer-arith -Wcast-align -Wall -Werror _mkltmpZGV4M4.c -o _mkltmpZGV4M4.c.o  -L/opt/homebrew/Cellar/openssl@3/3.1.0/lib -L/Users/t-etsemachmicrosoft.com/University/BigData/Redis/node_modules/node-rdkafka/build/deps  -lm -lcurl -lsasl2 -lssl -lcrypto -lcrypto -lz -ldl -lpthread
DBG 94203: Setting strndup (strndup) status to ok (action disable)
DBG 94203: Compile check strlcpy (HAVE_STRLCPY) (sub=0): gcc  -I/opt/homebrew/Cellar/openssl@3/3.1.0/include -gstrict-dwarf -O2 -fPIC -Wall -Wsign-compare -Wfloat-equal -Wpointer-arith -Wcast-align -Wall -Werror _mkltmpZyJqJr.c -o _mkltmpZyJqJr.c.o  -L/opt/homebrew/Cellar/openssl@3/3.1.0/lib -L/Users/t-etsemachmicrosoft.com/University/BigData/Redis/node_modules/node-rdkafka/build/deps  -lm -lcurl -lsasl2 -lssl -lcrypto -lcrypto -lz -ldl -lpthread
DBG 94203: Setting strlcpy (strlcpy) status to ok (action disable)
DBG 94203: Compile check strerror_r (HAVE_STRERROR_R) (sub=0): gcc  -I/opt/homebrew/Cellar/openssl@3/3.1.0/include -gstrict-dwarf -O2 -fPIC -Wall -Wsign-compare -Wfloat-equal -Wpointer-arith -Wcast-align -Wall -Werror _mkltmpRYLTY5.c -o _mkltmpRYLTY5.c.o  -L/opt/homebrew/Cellar/openssl@3/3.1.0/lib -L/Users/t-etsemachmicrosoft.com/University/BigData/Redis/node_modules/node-rdkafka/build/deps  -lm -lcurl -lsasl2 -lssl -lcrypto -lcrypto -lz -ldl -lpthread
DBG 94203: Setting strerror_r (strerror_r) status to ok (action disable)
DBG 94203: Compile check strcasestr (HAVE_STRCASESTR) (sub=0): gcc  -I/opt/homebrew/Cellar/openssl@3/3.1.0/include -gstrict-dwarf -O2 -fPIC -Wall -Wsign-compare -Wfloat-equal -Wpointer-arith -Wcast-align -Wall -Werror _mkltmphjBg7l.c -o _mkltmphjBg7l.c.o  -L/opt/homebrew/Cellar/openssl@3/3.1.0/lib -L/Users/t-etsemachmicrosoft.com/University/BigData/Redis/node_modules/node-rdkafka/build/deps  -lm -lcurl -lsasl2 -lssl -lcrypto -lcrypto -lz -ldl -lpthread
DBG 94203: Setting strcasestr (strcasestr) status to ok (action disable)
DBG 94203: Compile check pthread_setname_gnu (HAVE_PTHREAD_SETNAME_GNU) (sub=0): gcc  -I/opt/homebrew/Cellar/openssl@3/3.1.0/include -gstrict-dwarf -O2 -fPIC -Wall -Wsign-compare -Wfloat-equal -Wpointer-arith -Wcast-align -Wall -Werror _mkltmpwudEqE.c -o _mkltmpwudEqE.c.o  -L/opt/homebrew/Cellar/openssl@3/3.1.0/lib -L/Users/t-etsemachmicrosoft.com/University/BigData/Redis/node_modules/node-rdkafka/build/deps -D_GNU_SOURCE -lpthread -lm -lcurl -lsasl2 -lssl -lcrypto -lcrypto -lz -ldl -lpthread
DBG 94203: compile check for pthread_setname_gnu (HAVE_PTHREAD_SETNAME_GNU) failed: gcc  -I/opt/homebrew/Cellar/openssl@3/3.1.0/include -gstrict-dwarf -O2 -fPIC -Wall -Wsign-compare -Wfloat-equal -Wpointer-arith -Wcast-align -Wall -Werror _mkltmpwudEqE.c -o _mkltmpwudEqE.c.o  -L/opt/homebrew/Cellar/openssl@3/3.1.0/lib -L/Users/t-etsemachmicrosoft.com/University/BigData/Redis/node_modules/node-rdkafka/build/deps -D_GNU_SOURCE -lpthread -lm -lcurl -lsasl2 -lssl -lcrypto -lcrypto -lz -ldl -lpthread: _mkltmpwudEqE.c:5:38: error: too many arguments to function call, expected 1, have 2
  pthread_setname_np(pthread_self(), "abc");
  ~~~~~~~~~~~~~~~~~~                 ^~~~~
/Library/Developer/CommandLineTools/SDKs/MacOSX.sdk/usr/include/pthread.h:535:5: note: 'pthread_setname_np' declared here
int     pthread_setname_np(const char*);
        ^
1 error generated.
DBG 94203: Setting pthread_setname_gnu (pthread_setname_gnu) status to failed (action disable)
DBG 94203: Check pthread_setname_gnu (HAVE_PTHREAD_SETNAME_GNU, action disable (originally disable)) failed: compile check failed:
CC: CC
flags: -D_GNU_SOURCE -lpthread
gcc  -I/opt/homebrew/Cellar/openssl@3/3.1.0/include -gstrict-dwarf -O2 -fPIC -Wall -Wsign-compare -Wfloat-equal -Wpointer-arith -Wcast-align -Wall -Werror _mkltmpwudEqE.c -o _mkltmpwudEqE.c.o  -L/opt/homebrew/Cellar/openssl@3/3.1.0/lib -L/Users/t-etsemachmicrosoft.com/University/BigData/Redis/node_modules/node-rdkafka/build/deps -D_GNU_SOURCE -lpthread -lm -lcurl -lsasl2 -lssl -lcrypto -lcrypto -lz -ldl -lpthread:
_mkltmpwudEqE.c:5:38: error: too many arguments to function call, expected 1, have 2
  pthread_setname_np(pthread_self(), "abc");
  ~~~~~~~~~~~~~~~~~~                 ^~~~~
/Library/Developer/CommandLineTools/SDKs/MacOSX.sdk/usr/include/pthread.h:535:5: note: 'pthread_setname_np' declared here
int     pthread_setname_np(const char*);
        ^
1 error generated.
source: 
#include <pthread.h>

void foo (void) {
  pthread_setname_np(pthread_self(), "abc");
}

DBG 94203: Compile check pthread_setname_darwin (HAVE_PTHREAD_SETNAME_DARWIN) (sub=0): gcc  -I/opt/homebrew/Cellar/openssl@3/3.1.0/include -gstrict-dwarf -O2 -fPIC -Wall -Wsign-compare -Wfloat-equal -Wpointer-arith -Wcast-align -Wall -Werror _mkltmp2O6Cux.c -o _mkltmp2O6Cux.c.o  -L/opt/homebrew/Cellar/openssl@3/3.1.0/lib -L/Users/t-etsemachmicrosoft.com/University/BigData/Redis/node_modules/node-rdkafka/build/deps -D_DARWIN_C_SOURCE -lpthread -lm -lcurl -lsasl2 -lssl -lcrypto -lcrypto -lz -ldl -lpthread
DBG 94203: Setting pthread_setname_darwin (pthread_setname_darwin) status to ok (action disable)
DBG 94203: Setting nm (nm) status to ok (action cont)
DBG 94203: Compile check getrusage (HAVE_GETRUSAGE) (sub=0): gcc  -I/opt/homebrew/Cellar/openssl@3/3.1.0/include -gstrict-dwarf -O2 -fPIC -Wall -Wsign-compare -Wfloat-equal -Wpointer-arith -Wcast-align -Wall -Werror _mkltmpGA4kmp.c -o _mkltmpGA4kmp.c.o  -L/opt/homebrew/Cellar/openssl@3/3.1.0/lib -L/Users/t-etsemachmicrosoft.com/University/BigData/Redis/node_modules/node-rdkafka/build/deps  -lm -lcurl -lsasl2 -lssl -lcrypto -lcrypto -lz -ldl -lpthread
DBG 94203: Setting getrusage (getrusage) status to ok (action disable)
