# configure exec: ./configure --prefix=/Users/t-etsemachmicrosoft.com/University/BigData/Kafka/node_modules/node-rdkafka/build/deps --libdir=/Users/t-etsemachmicrosoft.com/University/BigData/Kafka/node_modules/node-rdkafka/build/deps --prefix=/Users/t-etsemachmicrosoft.com/University/BigData/Kafka/node_modules/node-rdkafka/build/deps --libdir=/Users/t-etsemachmicrosoft.com/University/BigData/Kafka/node_modules/node-rdkafka/build/deps
# On Thu Mar 16 19:10:04 EET 2023
DBG 78868: Setting distro (distro) status to ok (action ignore)
DBG 78868: ccenv: WITH_CC:  --version failed: mklove/modules/configure.base: line 1824: --version: command not found
DBG 78868: Setting ccenv (ccenv) status to failed (action cont)
DBG 78868: Check ccenv (WITH_CC, action cont (originally cont)) failed: command ' --version' failed:
mklove/modules/configure.base: line 1824: --version: command not found
DBG 78868: Setting gcc (gcc) status to ok (action cont)
DBG 78868: cxxenv: WITH_CXX:  --version failed: mklove/modules/configure.base: line 1824: --version: command not found
DBG 78868: Setting cxxenv (cxxenv) status to failed (action cont)
DBG 78868: Check cxxenv (WITH_CXX, action cont (originally cont)) failed: command ' --version' failed:
mklove/modules/configure.base: line 1824: --version: command not found
DBG 78868: Setting gxx (gxx) status to ok (action cont)
DBG 78868: Setting ld (ld) status to ok (action disable)
DBG 78868: Setting nm (nm) status to ok (action disable)
DBG 78868: Setting objdump (objdump) status to ok (action disable)
DBG 78868: Setting strip (strip) status to ok (action disable)
DBG 78868: Setting libtool (libtool) status to ok (action disable)
DBG 78868: Setting ranlib (ranlib) status to ok (action disable)
DBG 78868: Compile check cc_g_dwarf () (sub=0): gcc  -I/opt/homebrew/Cellar/openssl@3/3.1.0/include -Wall -Werror _mkltmprAvMzK.c -o _mkltmprAvMzK.c.o  -L/opt/homebrew/Cellar/openssl@3/3.1.0/lib -L/Users/t-etsemachmicrosoft.com/University/BigData/Kafka/node_modules/node-rdkafka/build/deps -gstrict-dwarf 
DBG 78868: Setting cc_g_dwarf (cc_g_dwarf) status to ok (action cont)
DBG 78868: pkgconfig: WITH_PKGCONFIG: pkg-config --version failed: mklove/modules/configure.base: line 1824: pkg-config: command not found
DBG 78868: Setting pkgconfig (pkgconfig) status to failed (action cont)
DBG 78868: Check pkgconfig (WITH_PKGCONFIG, action cont (originally cont)) failed: command 'pkg-config --version' failed:
mklove/modules/configure.base: line 1824: pkg-config: command not found
DBG 78868: install: WITH_INSTALL: /usr/bin/install --version failed: /usr/bin/install: illegal option -- -
usage: install [-bCcpSsv] [-B suffix] [-f flags] [-g group] [-m mode]
               [-o owner] file1 file2
       install [-bCcpSsv] [-B suffix] [-f flags] [-g group] [-m mode]
               [-o owner] file1 ... fileN directory
       install -d [-v] [-g group] [-m mode] [-o owner] directory ...
DBG 78868: Setting install (install) status to failed (action cont)
DBG 78868: Check install (WITH_INSTALL, action cont (originally cont)) failed: command '/usr/bin/install --version' failed:
/usr/bin/install: illegal option -- -
usage: install [-bCcpSsv] [-B suffix] [-f flags] [-g group] [-m mode]
               [-o owner] file1 file2
       install [-bCcpSsv] [-B suffix] [-f flags] [-g group] [-m mode]
               [-o owner] file1 ... fileN directory
       install -d [-v] [-g group] [-m mode] [-o owner] directory ...
DBG 78868: gnuar: HAS_GNU_AR: ar -V 2>/dev/null | grep -q GNU failed: ar: one of options -dmpqrtsx is required
usage:  ar -d [-TLsv] archive file ...
	ar -m [-TLsv] archive file ...
	ar -m [-abiTLsv] position archive file ...
	ar -p [-TLsv] archive [file ...]
	ar -q [-cTLsv] archive file ...
	ar -r [-cuTLsv] archive file ...
	ar -r [-abciuTLsv] position archive file ...
	ar -t [-TLsv] archive [file ...]
	ar -x [-ouTLsv] archive [file ...]
DBG 78868: Setting gnuar (gnuar) status to failed (action disable)
DBG 78868: Check gnuar (HAS_GNU_AR, action disable (originally disable)) failed: command 'ar -V 2>/dev/null | grep -q GNU' failed:
ar: one of options -dmpqrtsx is required
usage:  ar -d [-TLsv] archive file ...
	ar -m [-TLsv] archive file ...
	ar -m [-abiTLsv] position archive file ...
	ar -p [-TLsv] archive [file ...]
	ar -q [-cTLsv] archive file ...
	ar -r [-cuTLsv] archive file ...
	ar -r [-abciuTLsv] position archive file ...
	ar -t [-TLsv] archive [file ...]
	ar -x [-ouTLsv] archive [file ...]
DBG 78868: Compile check PIC (HAVE_PIC) (sub=0): gcc  -I/opt/homebrew/Cellar/openssl@3/3.1.0/include -gstrict-dwarf -O2 -Wall -Werror _mkltmpJv9M7M.c -o _mkltmpJv9M7M.c.o  -L/opt/homebrew/Cellar/openssl@3/3.1.0/lib -L/Users/t-etsemachmicrosoft.com/University/BigData/Kafka/node_modules/node-rdkafka/build/deps -fPIC 
DBG 78868: Setting PIC (PIC) status to ok (action disable)
DBG 78868: Compile check gnulib (WITH_GNULD) (sub=0): gcc  -I/opt/homebrew/Cellar/openssl@3/3.1.0/include -gstrict-dwarf -O2 -fPIC -Wall -Werror _mkltmpTiyVd6.c -o _mkltmpTiyVd6.c.o  -L/opt/homebrew/Cellar/openssl@3/3.1.0/lib -L/Users/t-etsemachmicrosoft.com/University/BigData/Kafka/node_modules/node-rdkafka/build/deps -shared -Wl,-soname,mkltest.0 
DBG 78868: compile check for gnulib (WITH_GNULD) failed: gcc  -I/opt/homebrew/Cellar/openssl@3/3.1.0/include -gstrict-dwarf -O2 -fPIC -Wall -Werror _mkltmpTiyVd6.c -o _mkltmpTiyVd6.c.o  -L/opt/homebrew/Cellar/openssl@3/3.1.0/lib -L/Users/t-etsemachmicrosoft.com/University/BigData/Kafka/node_modules/node-rdkafka/build/deps -shared -Wl,-soname,mkltest.0 : ld: unknown option: -soname
clang: error: linker command failed with exit code 1 (use -v to see invocation)
DBG 78868: Setting gnulib (gnulib) status to failed (action cont)
DBG 78868: Check gnulib (WITH_GNULD, action cont (originally cont)) failed: compile check failed:
CC: CC
flags: -shared -Wl,-soname,mkltest.0
gcc  -I/opt/homebrew/Cellar/openssl@3/3.1.0/include -gstrict-dwarf -O2 -fPIC -Wall -Werror _mkltmpTiyVd6.c -o _mkltmpTiyVd6.c.o  -L/opt/homebrew/Cellar/openssl@3/3.1.0/lib -L/Users/t-etsemachmicrosoft.com/University/BigData/Kafka/node_modules/node-rdkafka/build/deps -shared -Wl,-soname,mkltest.0 :
ld: unknown option: -soname
clang: error: linker command failed with exit code 1 (use -v to see invocation)
source: 
DBG 78868: Compile check osxlib (WITH_OSXLD) (sub=0): gcc  -I/opt/homebrew/Cellar/openssl@3/3.1.0/include -gstrict-dwarf -O2 -fPIC -Wall -Werror _mkltmpc4Nt4S.c -o _mkltmpc4Nt4S.c.o  -L/opt/homebrew/Cellar/openssl@3/3.1.0/lib -L/Users/t-etsemachmicrosoft.com/University/BigData/Kafka/node_modules/node-rdkafka/build/deps -dynamiclib -Wl,-install_name,/tmp/mkltest.so.0 
DBG 78868: Setting osxlib (osxlib) status to ok (action cont)
DBG 78868: Compile check ldsflagvs () (sub=0): gcc  -I/opt/homebrew/Cellar/openssl@3/3.1.0/include -gstrict-dwarf -O2 -fPIC -Wall -Werror _mkltmp9Zy7Gz.c -o _mkltmp9Zy7Gz.c.o  -L/opt/homebrew/Cellar/openssl@3/3.1.0/lib -L/Users/t-etsemachmicrosoft.com/University/BigData/Kafka/node_modules/node-rdkafka/build/deps -shared -Wl,--version-script=_mkltmps7wN2P 
DBG 78868: compile check for ldsflagvs () failed: gcc  -I/opt/homebrew/Cellar/openssl@3/3.1.0/include -gstrict-dwarf -O2 -fPIC -Wall -Werror _mkltmp9Zy7Gz.c -o _mkltmp9Zy7Gz.c.o  -L/opt/homebrew/Cellar/openssl@3/3.1.0/lib -L/Users/t-etsemachmicrosoft.com/University/BigData/Kafka/node_modules/node-rdkafka/build/deps -shared -Wl,--version-script=_mkltmps7wN2P : ld: unknown option: --version-script=_mkltmps7wN2P
clang: error: linker command failed with exit code 1 (use -v to see invocation)
DBG 78868: Setting ldsflagvs (ldsflagvs) status to failed (action cont)
DBG 78868: Check ldsflagvs (, action cont (originally cont)) failed: compile check failed:
CC: CC
flags: -shared -Wl,--version-script=_mkltmps7wN2P
gcc  -I/opt/homebrew/Cellar/openssl@3/3.1.0/include -gstrict-dwarf -O2 -fPIC -Wall -Werror _mkltmp9Zy7Gz.c -o _mkltmp9Zy7Gz.c.o  -L/opt/homebrew/Cellar/openssl@3/3.1.0/lib -L/Users/t-etsemachmicrosoft.com/University/BigData/Kafka/node_modules/node-rdkafka/build/deps -shared -Wl,--version-script=_mkltmps7wN2P :
ld: unknown option: --version-script=_mkltmps7wN2P
clang: error: linker command failed with exit code 1 (use -v to see invocation)
source: 
DBG 78868: Compile check ldsflagm () (sub=0): gcc  -I/opt/homebrew/Cellar/openssl@3/3.1.0/include -gstrict-dwarf -O2 -fPIC -Wall -Werror _mkltmpcZfQCd.c -o _mkltmpcZfQCd.c.o  -L/opt/homebrew/Cellar/openssl@3/3.1.0/lib -L/Users/t-etsemachmicrosoft.com/University/BigData/Kafka/node_modules/node-rdkafka/build/deps -shared -Wl,-M_mkltmps7wN2P 
DBG 78868: compile check for ldsflagm () failed: gcc  -I/opt/homebrew/Cellar/openssl@3/3.1.0/include -gstrict-dwarf -O2 -fPIC -Wall -Werror _mkltmpcZfQCd.c -o _mkltmpcZfQCd.c.o  -L/opt/homebrew/Cellar/openssl@3/3.1.0/lib -L/Users/t-etsemachmicrosoft.com/University/BigData/Kafka/node_modules/node-rdkafka/build/deps -shared -Wl,-M_mkltmps7wN2P : ld: unknown option: -M_mkltmps7wN2P
clang: error: linker command failed with exit code 1 (use -v to see invocation)
DBG 78868: Setting ldsflagm (ldsflagm) status to failed (action ignore)
DBG 78868: Check ldsflagm (, action ignore (originally ignore)) failed: compile check failed:
CC: CC
flags: -shared -Wl,-M_mkltmps7wN2P
gcc  -I/opt/homebrew/Cellar/openssl@3/3.1.0/include -gstrict-dwarf -O2 -fPIC -Wall -Werror _mkltmpcZfQCd.c -o _mkltmpcZfQCd.c.o  -L/opt/homebrew/Cellar/openssl@3/3.1.0/lib -L/Users/t-etsemachmicrosoft.com/University/BigData/Kafka/node_modules/node-rdkafka/build/deps -shared -Wl,-M_mkltmps7wN2P :
ld: unknown option: -M_mkltmps7wN2P
clang: error: linker command failed with exit code 1 (use -v to see invocation)
source: 
DBG 78868: Compile check __atomic_32 (HAVE_ATOMICS_32) (sub=0): gcc  -I/opt/homebrew/Cellar/openssl@3/3.1.0/include -gstrict-dwarf -O2 -fPIC -Wall -Werror _mkltmpcaNm9P.c -o _mkltmpcaNm9P.c.o  -L/opt/homebrew/Cellar/openssl@3/3.1.0/lib -L/Users/t-etsemachmicrosoft.com/University/BigData/Kafka/node_modules/node-rdkafka/build/deps  
DBG 78868: Setting __atomic_32 (__atomic_32) status to ok (action cont)
DBG 78868: Compile check __atomic_64 (HAVE_ATOMICS_64) (sub=0): gcc  -I/opt/homebrew/Cellar/openssl@3/3.1.0/include -gstrict-dwarf -O2 -fPIC -Wall -Werror _mkltmpTYQRig.c -o _mkltmpTYQRig.c.o  -L/opt/homebrew/Cellar/openssl@3/3.1.0/lib -L/Users/t-etsemachmicrosoft.com/University/BigData/Kafka/node_modules/node-rdkafka/build/deps  
DBG 78868: Setting __atomic_64 (__atomic_64) status to ok (action cont)
DBG 78868: Compile check socket () (sub=0): gcc  -I/opt/homebrew/Cellar/openssl@3/3.1.0/include -gstrict-dwarf -O2 -fPIC -Wall -Wsign-compare -Wfloat-equal -Wpointer-arith -Wcast-align -Wall -Werror _mkltmp2iQIOF.c -o _mkltmp2iQIOF.c.o  -L/opt/homebrew/Cellar/openssl@3/3.1.0/lib -L/Users/t-etsemachmicrosoft.com/University/BigData/Kafka/node_modules/node-rdkafka/build/deps  
DBG 78868: Setting socket (socket) status to ok (action cont)
DBG 78868: Setting parseversion (parseversion) status to ok (action cont)
DBG 78868: librt: Check for static library (libs -lrt, arfile variable STATIC_LIB_librt=, static filenames )
DBG 78868: Compile check librt () (sub=0): gcc  -I/opt/homebrew/Cellar/openssl@3/3.1.0/include -gstrict-dwarf -O2 -fPIC -Wall -Wsign-compare -Wfloat-equal -Wpointer-arith -Wcast-align -Wall -Werror _mkltmpgBMq8I.c -o _mkltmpgBMq8I.c.o  -L/opt/homebrew/Cellar/openssl@3/3.1.0/lib -L/Users/t-etsemachmicrosoft.com/University/BigData/Kafka/node_modules/node-rdkafka/build/deps -lrt 
DBG 78868: compile check for librt () failed: gcc  -I/opt/homebrew/Cellar/openssl@3/3.1.0/include -gstrict-dwarf -O2 -fPIC -Wall -Wsign-compare -Wfloat-equal -Wpointer-arith -Wcast-align -Wall -Werror _mkltmpgBMq8I.c -o _mkltmpgBMq8I.c.o  -L/opt/homebrew/Cellar/openssl@3/3.1.0/lib -L/Users/t-etsemachmicrosoft.com/University/BigData/Kafka/node_modules/node-rdkafka/build/deps -lrt : ld: library not found for -lrt
clang: error: linker command failed with exit code 1 (use -v to see invocation)
DBG 78868: Setting librt (librt) status to failed (action cont)
DBG 78868: Check librt (, action cont (originally cont)) failed: compile check failed:
CC: CC
flags: -lrt
gcc  -I/opt/homebrew/Cellar/openssl@3/3.1.0/include -gstrict-dwarf -O2 -fPIC -Wall -Wsign-compare -Wfloat-equal -Wpointer-arith -Wcast-align -Wall -Werror _mkltmpgBMq8I.c -o _mkltmpgBMq8I.c.o  -L/opt/homebrew/Cellar/openssl@3/3.1.0/lib -L/Users/t-etsemachmicrosoft.com/University/BigData/Kafka/node_modules/node-rdkafka/build/deps -lrt :
ld: library not found for -lrt
clang: error: linker command failed with exit code 1 (use -v to see invocation)
source: 
DBG 78868: libpthread: Check for static library (libs -lpthread, arfile variable STATIC_LIB_libpthread=, static filenames )
DBG 78868: Compile check libpthread () (sub=0): gcc  -I/opt/homebrew/Cellar/openssl@3/3.1.0/include -gstrict-dwarf -O2 -fPIC -Wall -Wsign-compare -Wfloat-equal -Wpointer-arith -Wcast-align -Wall -Werror _mkltmpN3AwwJ.c -o _mkltmpN3AwwJ.c.o  -L/opt/homebrew/Cellar/openssl@3/3.1.0/lib -L/Users/t-etsemachmicrosoft.com/University/BigData/Kafka/node_modules/node-rdkafka/build/deps -lpthread 
DBG 78868: Setting libpthread (libpthread) status to ok (action fail)
DBG 78868: libpthread: from lib_check: LIBS: prepend -lpthread
DBG 78868: c11threads: Check for static library (libs -lpthread, arfile variable STATIC_LIB_c11threads=, static filenames )
DBG 78868: Compile check c11threads (WITH_C11THREADS) (sub=0): gcc  -I/opt/homebrew/Cellar/openssl@3/3.1.0/include -gstrict-dwarf -O2 -fPIC -Wall -Wsign-compare -Wfloat-equal -Wpointer-arith -Wcast-align -Wall -Werror _mkltmpYHu7yO.c -o _mkltmpYHu7yO.c.o  -L/opt/homebrew/Cellar/openssl@3/3.1.0/lib -L/Users/t-etsemachmicrosoft.com/University/BigData/Kafka/node_modules/node-rdkafka/build/deps -lpthread -lpthread
DBG 78868: compile check for c11threads (WITH_C11THREADS) failed: gcc  -I/opt/homebrew/Cellar/openssl@3/3.1.0/include -gstrict-dwarf -O2 -fPIC -Wall -Wsign-compare -Wfloat-equal -Wpointer-arith -Wcast-align -Wall -Werror _mkltmpYHu7yO.c -o _mkltmpYHu7yO.c.o  -L/opt/homebrew/Cellar/openssl@3/3.1.0/lib -L/Users/t-etsemachmicrosoft.com/University/BigData/Kafka/node_modules/node-rdkafka/build/deps -lpthread -lpthread: _mkltmpYHu7yO.c:2:10: fatal error: 'threads.h' file not found
#include <threads.h>
         ^~~~~~~~~~~
1 error generated.
DBG 78868: Setting c11threads (c11threads) status to failed (action disable)
DBG 78868: Check c11threads (WITH_C11THREADS, action disable (originally disable)) failed: compile check failed:
CC: CC
flags: -lpthread
gcc  -I/opt/homebrew/Cellar/openssl@3/3.1.0/include -gstrict-dwarf -O2 -fPIC -Wall -Wsign-compare -Wfloat-equal -Wpointer-arith -Wcast-align -Wall -Werror _mkltmpYHu7yO.c -o _mkltmpYHu7yO.c.o  -L/opt/homebrew/Cellar/openssl@3/3.1.0/lib -L/Users/t-etsemachmicrosoft.com/University/BigData/Kafka/node_modules/node-rdkafka/build/deps -lpthread -lpthread:
_mkltmpYHu7yO.c:2:10: fatal error: 'threads.h' file not found
#include <threads.h>
         ^~~~~~~~~~~
1 error generated.
source: 
#include <threads.h>


static int start_func (void *arg) {
   int iarg = *(int *)arg;
   return iarg;
}

void foo (void) {
    thrd_t thr;
    int arg = 1;
    if (thrd_create(&thr, start_func, (void *)&arg) != thrd_success) {
      ;
    }
}

DBG 78868: libdl: Check for static library (libs -ldl, arfile variable STATIC_LIB_libdl=, static filenames )
DBG 78868: Compile check libdl (WITH_LIBDL) (sub=0): gcc  -I/opt/homebrew/Cellar/openssl@3/3.1.0/include -gstrict-dwarf -O2 -fPIC -Wall -Wsign-compare -Wfloat-equal -Wpointer-arith -Wcast-align -Wall -Werror _mkltmpAJPIH3.c -o _mkltmpAJPIH3.c.o  -L/opt/homebrew/Cellar/openssl@3/3.1.0/lib -L/Users/t-etsemachmicrosoft.com/University/BigData/Kafka/node_modules/node-rdkafka/build/deps -ldl -lpthread
DBG 78868: Setting libdl (libdl) status to ok (action disable)
DBG 78868: libdl: from lib_check: LIBS: prepend -ldl
DBG 78868: zlib: Check for static library (libs -lz, arfile variable STATIC_LIB_zlib=, static filenames libz.a)
DBG 78868: Compile check zlib (WITH_ZLIB) (sub=0): gcc  -I/opt/homebrew/Cellar/openssl@3/3.1.0/include -gstrict-dwarf -O2 -fPIC -Wall -Wsign-compare -Wfloat-equal -Wpointer-arith -Wcast-align -Wall -Werror _mkltmplXZIEk.c -o _mkltmplXZIEk.c.o  -L/opt/homebrew/Cellar/openssl@3/3.1.0/lib -L/Users/t-etsemachmicrosoft.com/University/BigData/Kafka/node_modules/node-rdkafka/build/deps -lz -ldl -lpthread
DBG 78868: Setting zlib (zlib) status to ok (action disable)
DBG 78868: zlib: from lib_check: LIBS: prepend -lz
DBG 78868: libcrypto: Check for static library (libs -lcrypto, arfile variable STATIC_LIB_libcrypto=, static filenames libcrypto.a)
DBG 78868: Compile check libcrypto () (sub=0): gcc  -I/opt/homebrew/Cellar/openssl@3/3.1.0/include -gstrict-dwarf -O2 -fPIC -Wall -Wsign-compare -Wfloat-equal -Wpointer-arith -Wcast-align -Wall -Werror _mkltmp1zNkLF.c -o _mkltmp1zNkLF.c.o  -L/opt/homebrew/Cellar/openssl@3/3.1.0/lib -L/Users/t-etsemachmicrosoft.com/University/BigData/Kafka/node_modules/node-rdkafka/build/deps -lcrypto -lz -ldl -lpthread
DBG 78868: Setting libcrypto (libcrypto) status to ok (action disable)
DBG 78868: libcrypto: from lib_check: LIBS: prepend -lcrypto
DBG 78868: libssl: Check for static library (libs -lssl -lcrypto, arfile variable STATIC_LIB_libssl=, static filenames libssl.a)
DBG 78868: Compile check libssl (WITH_SSL) (sub=0): gcc  -I/opt/homebrew/Cellar/openssl@3/3.1.0/include -gstrict-dwarf -O2 -fPIC -Wall -Wsign-compare -Wfloat-equal -Wpointer-arith -Wcast-align -Wall -Werror _mkltmpGDb34R.c -o _mkltmpGDb34R.c.o  -L/opt/homebrew/Cellar/openssl@3/3.1.0/lib -L/Users/t-etsemachmicrosoft.com/University/BigData/Kafka/node_modules/node-rdkafka/build/deps -lssl -lcrypto -lcrypto -lz -ldl -lpthread
DBG 78868: Setting libssl (libssl) status to ok (action disable)
DBG 78868: libssl: from lib_check: LIBS: prepend -lssl -lcrypto
DBG 78868: libsasl2: Check for static library (libs -lsasl2, arfile variable STATIC_LIB_libsasl2=, static filenames )
DBG 78868: Compile check libsasl2 (WITH_SASL_CYRUS) (sub=0): gcc  -I/opt/homebrew/Cellar/openssl@3/3.1.0/include -gstrict-dwarf -O2 -fPIC -Wall -Wsign-compare -Wfloat-equal -Wpointer-arith -Wcast-align -Wall -Werror _mkltmpq5j9Qo.c -o _mkltmpq5j9Qo.c.o  -L/opt/homebrew/Cellar/openssl@3/3.1.0/lib -L/Users/t-etsemachmicrosoft.com/University/BigData/Kafka/node_modules/node-rdkafka/build/deps -lsasl2 -lssl -lcrypto -lcrypto -lz -ldl -lpthread
DBG 78868: Setting libsasl2 (libsasl2) status to ok (action disable)
DBG 78868: libsasl2: from lib_check: LIBS: prepend -lsasl2
DBG 78868: libzstd: Check for static library (libs -lzstd, arfile variable STATIC_LIB_libzstd=, static filenames libzstd.a)
DBG 78868: Compile check libzstd (WITH_ZSTD) (sub=0): gcc  -I/opt/homebrew/Cellar/openssl@3/3.1.0/include -gstrict-dwarf -O2 -fPIC -Wall -Wsign-compare -Wfloat-equal -Wpointer-arith -Wcast-align -Wall -Werror _mkltmp0RLfHn.c -o _mkltmp0RLfHn.c.o  -L/opt/homebrew/Cellar/openssl@3/3.1.0/lib -L/Users/t-etsemachmicrosoft.com/University/BigData/Kafka/node_modules/node-rdkafka/build/deps -lzstd -lsasl2 -lssl -lcrypto -lcrypto -lz -ldl -lpthread
DBG 78868: compile check for libzstd (WITH_ZSTD) failed: gcc  -I/opt/homebrew/Cellar/openssl@3/3.1.0/include -gstrict-dwarf -O2 -fPIC -Wall -Wsign-compare -Wfloat-equal -Wpointer-arith -Wcast-align -Wall -Werror _mkltmp0RLfHn.c -o _mkltmp0RLfHn.c.o  -L/opt/homebrew/Cellar/openssl@3/3.1.0/lib -L/Users/t-etsemachmicrosoft.com/University/BigData/Kafka/node_modules/node-rdkafka/build/deps -lzstd -lsasl2 -lssl -lcrypto -lcrypto -lz -ldl -lpthread: _mkltmp0RLfHn.c:2:10: fatal error: 'zstd.h' file not found
#include <zstd.h>
         ^~~~~~~~
1 error generated.
DBG 78868: Setting libzstd (libzstd) status to failed (action disable)
DBG 78868: Check libzstd (WITH_ZSTD, action disable (originally disable)) failed: compile check failed:
CC: CC
flags: -lzstd
gcc  -I/opt/homebrew/Cellar/openssl@3/3.1.0/include -gstrict-dwarf -O2 -fPIC -Wall -Wsign-compare -Wfloat-equal -Wpointer-arith -Wcast-align -Wall -Werror _mkltmp0RLfHn.c -o _mkltmp0RLfHn.c.o  -L/opt/homebrew/Cellar/openssl@3/3.1.0/lib -L/Users/t-etsemachmicrosoft.com/University/BigData/Kafka/node_modules/node-rdkafka/build/deps -lzstd -lsasl2 -lssl -lcrypto -lcrypto -lz -ldl -lpthread:
_mkltmp0RLfHn.c:2:10: fatal error: 'zstd.h' file not found
#include <zstd.h>
         ^~~~~~~~
1 error generated.
source: 
#include <zstd.h>
#include <zstd_errors.h>

void foo (void) {
     ZSTD_getFrameContentSize(NULL, 0);
}

DBG 78868: libcurl: Check for static library (libs -lcurl, arfile variable STATIC_LIB_libcurl=, static filenames libcurl.a)
DBG 78868: Compile check libcurl (WITH_CURL) (sub=0): gcc  -I/opt/homebrew/Cellar/openssl@3/3.1.0/include -gstrict-dwarf -O2 -fPIC -Wall -Wsign-compare -Wfloat-equal -Wpointer-arith -Wcast-align -Wall -Werror _mkltmpBz7KXQ.c -o _mkltmpBz7KXQ.c.o  -L/opt/homebrew/Cellar/openssl@3/3.1.0/lib -L/Users/t-etsemachmicrosoft.com/University/BigData/Kafka/node_modules/node-rdkafka/build/deps -lcurl -lsasl2 -lssl -lcrypto -lcrypto -lz -ldl -lpthread
DBG 78868: Setting libcurl (libcurl) status to ok (action disable)
DBG 78868: libcurl: from lib_check: LIBS: prepend -lcurl
DBG 78868: libm: Check for static library (libs -lm, arfile variable STATIC_LIB_libm=, static filenames )
DBG 78868: Compile check libm () (sub=0): gcc  -I/opt/homebrew/Cellar/openssl@3/3.1.0/include -gstrict-dwarf -O2 -fPIC -Wall -Wsign-compare -Wfloat-equal -Wpointer-arith -Wcast-align -Wall -Werror _mkltmpVo8V05.c -o _mkltmpVo8V05.c.o  -L/opt/homebrew/Cellar/openssl@3/3.1.0/lib -L/Users/t-etsemachmicrosoft.com/University/BigData/Kafka/node_modules/node-rdkafka/build/deps -lm -lcurl -lsasl2 -lssl -lcrypto -lcrypto -lz -ldl -lpthread
DBG 78868: Setting libm (libm) status to ok (action disable)
DBG 78868: libm: from lib_check: LIBS: prepend -lm
DBG 78868: liblz4: Check for static library (libs -llz4, arfile variable STATIC_LIB_liblz4=, static filenames liblz4.a)
DBG 78868: Compile check liblz4 (WITH_LZ4_EXT) (sub=0): gcc  -I/opt/homebrew/Cellar/openssl@3/3.1.0/include -gstrict-dwarf -O2 -fPIC -Wall -Wsign-compare -Wfloat-equal -Wpointer-arith -Wcast-align -Wall -Werror _mkltmpaYy1F7.c -o _mkltmpaYy1F7.c.o  -L/opt/homebrew/Cellar/openssl@3/3.1.0/lib -L/Users/t-etsemachmicrosoft.com/University/BigData/Kafka/node_modules/node-rdkafka/build/deps -llz4 -lm -lcurl -lsasl2 -lssl -lcrypto -lcrypto -lz -ldl -lpthread
DBG 78868: compile check for liblz4 (WITH_LZ4_EXT) failed: gcc  -I/opt/homebrew/Cellar/openssl@3/3.1.0/include -gstrict-dwarf -O2 -fPIC -Wall -Wsign-compare -Wfloat-equal -Wpointer-arith -Wcast-align -Wall -Werror _mkltmpaYy1F7.c -o _mkltmpaYy1F7.c.o  -L/opt/homebrew/Cellar/openssl@3/3.1.0/lib -L/Users/t-etsemachmicrosoft.com/University/BigData/Kafka/node_modules/node-rdkafka/build/deps -llz4 -lm -lcurl -lsasl2 -lssl -lcrypto -lcrypto -lz -ldl -lpthread: _mkltmpaYy1F7.c:1:10: fatal error: 'lz4frame.h' file not found
#include <lz4frame.h>
         ^~~~~~~~~~~~
1 error generated.
DBG 78868: Setting liblz4 (liblz4) status to failed (action disable)
DBG 78868: Check liblz4 (WITH_LZ4_EXT, action disable (originally disable)) failed: compile check failed:
CC: CC
flags: -llz4
gcc  -I/opt/homebrew/Cellar/openssl@3/3.1.0/include -gstrict-dwarf -O2 -fPIC -Wall -Wsign-compare -Wfloat-equal -Wpointer-arith -Wcast-align -Wall -Werror _mkltmpaYy1F7.c -o _mkltmpaYy1F7.c.o  -L/opt/homebrew/Cellar/openssl@3/3.1.0/lib -L/Users/t-etsemachmicrosoft.com/University/BigData/Kafka/node_modules/node-rdkafka/build/deps -llz4 -lm -lcurl -lsasl2 -lssl -lcrypto -lcrypto -lz -ldl -lpthread:
_mkltmpaYy1F7.c:1:10: fatal error: 'lz4frame.h' file not found
#include <lz4frame.h>
         ^~~~~~~~~~~~
1 error generated.
source: #include <lz4frame.h>
DBG 78868: Compile check syslog (WITH_SYSLOG) (sub=0): gcc  -I/opt/homebrew/Cellar/openssl@3/3.1.0/include -gstrict-dwarf -O2 -fPIC -Wall -Wsign-compare -Wfloat-equal -Wpointer-arith -Wcast-align -Wall -Werror _mkltmpabkdrQ.c -o _mkltmpabkdrQ.c.o  -L/opt/homebrew/Cellar/openssl@3/3.1.0/lib -L/Users/t-etsemachmicrosoft.com/University/BigData/Kafka/node_modules/node-rdkafka/build/deps  -lm -lcurl -lsasl2 -lssl -lcrypto -lcrypto -lz -ldl -lpthread
DBG 78868: Setting syslog (syslog) status to ok (action disable)
DBG 78868: Compile check rapidjson (WITH_RAPIDJSON) (sub=0): g++  -I/opt/homebrew/Cellar/openssl@3/3.1.0/include -gstrict-dwarf -O2 -fPIC -Wall -Wsign-compare -Wfloat-equal -Wpointer-arith -Wcast-align -Wall -Werror _mkltmp9Rd5Ve.cpp -o _mkltmp9Rd5Ve.cpp.o  -L/opt/homebrew/Cellar/openssl@3/3.1.0/lib -L/Users/t-etsemachmicrosoft.com/University/BigData/Kafka/node_modules/node-rdkafka/build/deps  -lm -lcurl -lsasl2 -lssl -lcrypto -lcrypto -lz -ldl -lpthread
DBG 78868: compile check for rapidjson (WITH_RAPIDJSON) failed: g++  -I/opt/homebrew/Cellar/openssl@3/3.1.0/include -gstrict-dwarf -O2 -fPIC -Wall -Wsign-compare -Wfloat-equal -Wpointer-arith -Wcast-align -Wall -Werror _mkltmp9Rd5Ve.cpp -o _mkltmp9Rd5Ve.cpp.o  -L/opt/homebrew/Cellar/openssl@3/3.1.0/lib -L/Users/t-etsemachmicrosoft.com/University/BigData/Kafka/node_modules/node-rdkafka/build/deps  -lm -lcurl -lsasl2 -lssl -lcrypto -lcrypto -lz -ldl -lpthread: _mkltmp9Rd5Ve.cpp:1:10: fatal error: 'rapidjson/schema.h' file not found
#include <rapidjson/schema.h>
         ^~~~~~~~~~~~~~~~~~~~
1 error generated.
DBG 78868: Setting rapidjson (rapidjson) status to failed (action disable)
DBG 78868: Check rapidjson (WITH_RAPIDJSON, action disable (originally disable)) failed: compile check failed:
CC: CXX
flags: 
g++  -I/opt/homebrew/Cellar/openssl@3/3.1.0/include -gstrict-dwarf -O2 -fPIC -Wall -Wsign-compare -Wfloat-equal -Wpointer-arith -Wcast-align -Wall -Werror _mkltmp9Rd5Ve.cpp -o _mkltmp9Rd5Ve.cpp.o  -L/opt/homebrew/Cellar/openssl@3/3.1.0/lib -L/Users/t-etsemachmicrosoft.com/University/BigData/Kafka/node_modules/node-rdkafka/build/deps  -lm -lcurl -lsasl2 -lssl -lcrypto -lcrypto -lz -ldl -lpthread:
_mkltmp9Rd5Ve.cpp:1:10: fatal error: 'rapidjson/schema.h' file not found
#include <rapidjson/schema.h>
         ^~~~~~~~~~~~~~~~~~~~
1 error generated.
source: #include <rapidjson/schema.h>
DBG 78868: Compile check crc32chw (WITH_CRC32C_HW) (sub=0): gcc  -I/opt/homebrew/Cellar/openssl@3/3.1.0/include -gstrict-dwarf -O2 -fPIC -Wall -Wsign-compare -Wfloat-equal -Wpointer-arith -Wcast-align -Wall -Werror _mkltmpSbZo3E.c -o _mkltmpSbZo3E.c.o  -L/opt/homebrew/Cellar/openssl@3/3.1.0/lib -L/Users/t-etsemachmicrosoft.com/University/BigData/Kafka/node_modules/node-rdkafka/build/deps  -lm -lcurl -lsasl2 -lssl -lcrypto -lcrypto -lz -ldl -lpthread
DBG 78868: compile check for crc32chw (WITH_CRC32C_HW) failed: gcc  -I/opt/homebrew/Cellar/openssl@3/3.1.0/include -gstrict-dwarf -O2 -fPIC -Wall -Wsign-compare -Wfloat-equal -Wpointer-arith -Wcast-align -Wall -Werror _mkltmpSbZo3E.c -o _mkltmpSbZo3E.c.o  -L/opt/homebrew/Cellar/openssl@3/3.1.0/lib -L/Users/t-etsemachmicrosoft.com/University/BigData/Kafka/node_modules/node-rdkafka/build/deps  -lm -lcurl -lsasl2 -lssl -lcrypto -lcrypto -lz -ldl -lpthread: _mkltmpSbZo3E.c:12:14: error: invalid output constraint '=c' in asm
           : "=c"(ecx)
             ^
1 error generated.
DBG 78868: Setting crc32chw (crc32chw) status to failed (action disable)
DBG 78868: Check crc32chw (WITH_CRC32C_HW, action disable (originally disable)) failed: compile check failed:
CC: CC
flags: 
gcc  -I/opt/homebrew/Cellar/openssl@3/3.1.0/include -gstrict-dwarf -O2 -fPIC -Wall -Wsign-compare -Wfloat-equal -Wpointer-arith -Wcast-align -Wall -Werror _mkltmpSbZo3E.c -o _mkltmpSbZo3E.c.o  -L/opt/homebrew/Cellar/openssl@3/3.1.0/lib -L/Users/t-etsemachmicrosoft.com/University/BigData/Kafka/node_modules/node-rdkafka/build/deps  -lm -lcurl -lsasl2 -lssl -lcrypto -lcrypto -lz -ldl -lpthread:
_mkltmpSbZo3E.c:12:14: error: invalid output constraint '=c' in asm
           : "=c"(ecx)
             ^
1 error generated.
source: 
#include <inttypes.h>
#include <stdio.h>
#define LONGx1 "8192"
#define LONGx2 "16384"
void foo (void) {
   const char *n = "abcdefghijklmnopqrstuvwxyz0123456789";
   uint64_t c0 = 0, c1 = 1, c2 = 2;
   uint64_t s;
   uint32_t eax = 1, ecx;
   __asm__("cpuid"
           : "=c"(ecx)
           : "a"(eax)
           : "%ebx", "%edx");
   __asm__("crc32b\t" "(%1), %0"
           : "=r"(c0)
           : "r"(n), "0"(c0));
   __asm__("crc32q\t" "(%3), %0\n\t"
           "crc32q\t" LONGx1 "(%3), %1\n\t"
           "crc32q\t" LONGx2 "(%3), %2"
           : "=r"(c0), "=r"(c1), "=r"(c2)
           : "r"(n), "0"(c0), "1"(c1), "2"(c2));
  s = c0 + c1 + c2;
  printf("avoiding unused code removal by printing %d, %d, %d\n", (int)s, (int)eax, (int)ecx);
}

DBG 78868: Compile check regex (HAVE_REGEX) (sub=0): gcc  -I/opt/homebrew/Cellar/openssl@3/3.1.0/include -gstrict-dwarf -O2 -fPIC -Wall -Wsign-compare -Wfloat-equal -Wpointer-arith -Wcast-align -Wall -Werror _mkltmp0HpBBy.c -o _mkltmp0HpBBy.c.o  -L/opt/homebrew/Cellar/openssl@3/3.1.0/lib -L/Users/t-etsemachmicrosoft.com/University/BigData/Kafka/node_modules/node-rdkafka/build/deps  -lm -lcurl -lsasl2 -lssl -lcrypto -lcrypto -lz -ldl -lpthread
DBG 78868: Setting regex (regex) status to ok (action disable)
DBG 78868: Compile check rand_r (HAVE_RAND_R) (sub=0): gcc  -I/opt/homebrew/Cellar/openssl@3/3.1.0/include -gstrict-dwarf -O2 -fPIC -Wall -Wsign-compare -Wfloat-equal -Wpointer-arith -Wcast-align -Wall -Werror _mkltmpUf0rv4.c -o _mkltmpUf0rv4.c.o  -L/opt/homebrew/Cellar/openssl@3/3.1.0/lib -L/Users/t-etsemachmicrosoft.com/University/BigData/Kafka/node_modules/node-rdkafka/build/deps  -lm -lcurl -lsasl2 -lssl -lcrypto -lcrypto -lz -ldl -lpthread
DBG 78868: Setting rand_r (rand_r) status to ok (action disable)
DBG 78868: Compile check strndup (HAVE_STRNDUP) (sub=0): gcc  -I/opt/homebrew/Cellar/openssl@3/3.1.0/include -gstrict-dwarf -O2 -fPIC -Wall -Wsign-compare -Wfloat-equal -Wpointer-arith -Wcast-align -Wall -Werror _mkltmpEeCLaB.c -o _mkltmpEeCLaB.c.o  -L/opt/homebrew/Cellar/openssl@3/3.1.0/lib -L/Users/t-etsemachmicrosoft.com/University/BigData/Kafka/node_modules/node-rdkafka/build/deps  -lm -lcurl -lsasl2 -lssl -lcrypto -lcrypto -lz -ldl -lpthread
DBG 78868: Setting strndup (strndup) status to ok (action disable)
DBG 78868: Compile check strlcpy (HAVE_STRLCPY) (sub=0): gcc  -I/opt/homebrew/Cellar/openssl@3/3.1.0/include -gstrict-dwarf -O2 -fPIC -Wall -Wsign-compare -Wfloat-equal -Wpointer-arith -Wcast-align -Wall -Werror _mkltmpLpTgIv.c -o _mkltmpLpTgIv.c.o  -L/opt/homebrew/Cellar/openssl@3/3.1.0/lib -L/Users/t-etsemachmicrosoft.com/University/BigData/Kafka/node_modules/node-rdkafka/build/deps  -lm -lcurl -lsasl2 -lssl -lcrypto -lcrypto -lz -ldl -lpthread
DBG 78868: Setting strlcpy (strlcpy) status to ok (action disable)
DBG 78868: Compile check strerror_r (HAVE_STRERROR_R) (sub=0): gcc  -I/opt/homebrew/Cellar/openssl@3/3.1.0/include -gstrict-dwarf -O2 -fPIC -Wall -Wsign-compare -Wfloat-equal -Wpointer-arith -Wcast-align -Wall -Werror _mkltmpAT4qsN.c -o _mkltmpAT4qsN.c.o  -L/opt/homebrew/Cellar/openssl@3/3.1.0/lib -L/Users/t-etsemachmicrosoft.com/University/BigData/Kafka/node_modules/node-rdkafka/build/deps  -lm -lcurl -lsasl2 -lssl -lcrypto -lcrypto -lz -ldl -lpthread
DBG 78868: Setting strerror_r (strerror_r) status to ok (action disable)
DBG 78868: Compile check strcasestr (HAVE_STRCASESTR) (sub=0): gcc  -I/opt/homebrew/Cellar/openssl@3/3.1.0/include -gstrict-dwarf -O2 -fPIC -Wall -Wsign-compare -Wfloat-equal -Wpointer-arith -Wcast-align -Wall -Werror _mkltmpfIQ6d5.c -o _mkltmpfIQ6d5.c.o  -L/opt/homebrew/Cellar/openssl@3/3.1.0/lib -L/Users/t-etsemachmicrosoft.com/University/BigData/Kafka/node_modules/node-rdkafka/build/deps  -lm -lcurl -lsasl2 -lssl -lcrypto -lcrypto -lz -ldl -lpthread
DBG 78868: Setting strcasestr (strcasestr) status to ok (action disable)
DBG 78868: Compile check pthread_setname_gnu (HAVE_PTHREAD_SETNAME_GNU) (sub=0): gcc  -I/opt/homebrew/Cellar/openssl@3/3.1.0/include -gstrict-dwarf -O2 -fPIC -Wall -Wsign-compare -Wfloat-equal -Wpointer-arith -Wcast-align -Wall -Werror _mkltmp6UPyLb.c -o _mkltmp6UPyLb.c.o  -L/opt/homebrew/Cellar/openssl@3/3.1.0/lib -L/Users/t-etsemachmicrosoft.com/University/BigData/Kafka/node_modules/node-rdkafka/build/deps -D_GNU_SOURCE -lpthread -lm -lcurl -lsasl2 -lssl -lcrypto -lcrypto -lz -ldl -lpthread
DBG 78868: compile check for pthread_setname_gnu (HAVE_PTHREAD_SETNAME_GNU) failed: gcc  -I/opt/homebrew/Cellar/openssl@3/3.1.0/include -gstrict-dwarf -O2 -fPIC -Wall -Wsign-compare -Wfloat-equal -Wpointer-arith -Wcast-align -Wall -Werror _mkltmp6UPyLb.c -o _mkltmp6UPyLb.c.o  -L/opt/homebrew/Cellar/openssl@3/3.1.0/lib -L/Users/t-etsemachmicrosoft.com/University/BigData/Kafka/node_modules/node-rdkafka/build/deps -D_GNU_SOURCE -lpthread -lm -lcurl -lsasl2 -lssl -lcrypto -lcrypto -lz -ldl -lpthread: _mkltmp6UPyLb.c:5:38: error: too many arguments to function call, expected 1, have 2
  pthread_setname_np(pthread_self(), "abc");
  ~~~~~~~~~~~~~~~~~~                 ^~~~~
/Library/Developer/CommandLineTools/SDKs/MacOSX.sdk/usr/include/pthread.h:535:5: note: 'pthread_setname_np' declared here
int     pthread_setname_np(const char*);
        ^
1 error generated.
DBG 78868: Setting pthread_setname_gnu (pthread_setname_gnu) status to failed (action disable)
DBG 78868: Check pthread_setname_gnu (HAVE_PTHREAD_SETNAME_GNU, action disable (originally disable)) failed: compile check failed:
CC: CC
flags: -D_GNU_SOURCE -lpthread
gcc  -I/opt/homebrew/Cellar/openssl@3/3.1.0/include -gstrict-dwarf -O2 -fPIC -Wall -Wsign-compare -Wfloat-equal -Wpointer-arith -Wcast-align -Wall -Werror _mkltmp6UPyLb.c -o _mkltmp6UPyLb.c.o  -L/opt/homebrew/Cellar/openssl@3/3.1.0/lib -L/Users/t-etsemachmicrosoft.com/University/BigData/Kafka/node_modules/node-rdkafka/build/deps -D_GNU_SOURCE -lpthread -lm -lcurl -lsasl2 -lssl -lcrypto -lcrypto -lz -ldl -lpthread:
_mkltmp6UPyLb.c:5:38: error: too many arguments to function call, expected 1, have 2
  pthread_setname_np(pthread_self(), "abc");
  ~~~~~~~~~~~~~~~~~~                 ^~~~~
/Library/Developer/CommandLineTools/SDKs/MacOSX.sdk/usr/include/pthread.h:535:5: note: 'pthread_setname_np' declared here
int     pthread_setname_np(const char*);
        ^
1 error generated.
source: 
#include <pthread.h>

void foo (void) {
  pthread_setname_np(pthread_self(), "abc");
}

DBG 78868: Compile check pthread_setname_darwin (HAVE_PTHREAD_SETNAME_DARWIN) (sub=0): gcc  -I/opt/homebrew/Cellar/openssl@3/3.1.0/include -gstrict-dwarf -O2 -fPIC -Wall -Wsign-compare -Wfloat-equal -Wpointer-arith -Wcast-align -Wall -Werror _mkltmpfMBirX.c -o _mkltmpfMBirX.c.o  -L/opt/homebrew/Cellar/openssl@3/3.1.0/lib -L/Users/t-etsemachmicrosoft.com/University/BigData/Kafka/node_modules/node-rdkafka/build/deps -D_DARWIN_C_SOURCE -lpthread -lm -lcurl -lsasl2 -lssl -lcrypto -lcrypto -lz -ldl -lpthread
DBG 78868: Setting pthread_setname_darwin (pthread_setname_darwin) status to ok (action disable)
DBG 78868: Setting nm (nm) status to ok (action cont)
DBG 78868: Compile check getrusage (HAVE_GETRUSAGE) (sub=0): gcc  -I/opt/homebrew/Cellar/openssl@3/3.1.0/include -gstrict-dwarf -O2 -fPIC -Wall -Wsign-compare -Wfloat-equal -Wpointer-arith -Wcast-align -Wall -Werror _mkltmpOjLOIG.c -o _mkltmpOjLOIG.c.o  -L/opt/homebrew/Cellar/openssl@3/3.1.0/lib -L/Users/t-etsemachmicrosoft.com/University/BigData/Kafka/node_modules/node-rdkafka/build/deps  -lm -lcurl -lsasl2 -lssl -lcrypto -lcrypto -lz -ldl -lpthread
DBG 78868: Setting getrusage (getrusage) status to ok (action disable)
